#
# There is insufficient memory for the Java Runtime Environment to continue.
# Native memory allocation (malloc) failed to allocate 32744 bytes for Chunk::new
# Possible reasons:
#   The system is out of physical RAM or swap space
#   The process is running with CompressedOops enabled, and the Java Heap may be blocking the growth of the native heap
# Possible solutions:
#   Reduce memory load on the system
#   Increase physical memory or swap space
#   Check if swap backing store is full
#   Decrease Java heap size (-Xmx/-Xms)
#   Decrease number of Java threads
#   Decrease Java thread stack sizes (-Xss)
#   Set larger code cache with -XX:ReservedCodeCacheSize=
#   JVM is running with Unscaled Compressed Oops mode in which the Java heap is
#     placed in the first 4GB address space. The Java Heap base address is the
#     maximum limit for the native heap growth. Please use -XX:HeapBaseMinAddress
#     to set the Java Heap base and to place the Java Heap above 4GB virtual address.
# This output file may be truncated or incomplete.
#
#  Out of Memory Error (arena.cpp:168), pid=37088, tid=33260
#
# JRE version: Java(TM) SE Runtime Environment (21.0.10+8) (build 21.0.10+8-LTS-217)
# Java VM: Java HotSpot(TM) 64-Bit Server VM (21.0.10+8-LTS-217, mixed mode, sharing, tiered, compressed oops, compressed class ptrs, g1 gc, windows-amd64)
# No core dump will be written. Minidumps are not enabled by default on client versions of Windows
#

---------------  S U M M A R Y ------------

Command Line: C:\Users\YUSUF\Desktop\java\BallWars\builds\bw_networkAlpha1.0.0.jar

Host: AMD Ryzen 5 5500H with Radeon Graphics         , 8 cores, 7G,  Windows 11 , 64 bit Build 26100 (10.0.26100.8521)
Time: Mon Jul  6 19:38:27 2026 T僡kiye Standart Saati elapsed time: 70.762663 seconds (0d 0h 1m 10s)

---------------  T H R E A D  ---------------

Current thread (0x00000282fb037a00):  JavaThread "C2 CompilerThread0" daemon [_thread_in_native, id=33260, stack(0x000000c105a00000,0x000000c105b00000) (1024K)]


Current CompileTask:
C2:  70763 2407       4       java.lang.String::<init> (98 bytes)

Stack: [0x000000c105a00000,0x000000c105b00000]
Native frames: (J=compiled Java code, j=interpreted, Vv=VM code, C=native code)
V  [jvm.dll+0x6d0b59]
V  [jvm.dll+0x85fd56]
V  [jvm.dll+0x86224e]
V  [jvm.dll+0x862923]
V  [jvm.dll+0x282a16]
V  [jvm.dll+0xc662d]
V  [jvm.dll+0xc6b71]
V  [jvm.dll+0x6fc977]
V  [jvm.dll+0x1e39ba]
V  [jvm.dll+0x24b4c3]
V  [jvm.dll+0x24a94f]
V  [jvm.dll+0x1cacfe]
V  [jvm.dll+0x25a629]
V  [jvm.dll+0x258bb5]
V  [jvm.dll+0x3f4da1]
V  [jvm.dll+0x80a83d]
V  [jvm.dll+0x6cf3fd]
C  [ucrtbase.dll+0x2cd30]
C  [KERNEL32.DLL+0x2e957]
C  [ntdll.dll+0x87c1c]


---------------  P R O C E S S  ---------------

Threads class SMR info:
_java_thread_list=0x0000028284b3a240, length=18, elements={
0x00000282fb025610, 0x00000282fb02a090, 0x00000282fb02d640, 0x00000282fb02e320,
0x00000282fb030560, 0x00000282fb031390, 0x00000282fb037a00, 0x00000282fb03b970,
0x00000282fb178ce0, 0x00000282fb17bd40, 0x00000282fb34b3c0, 0x00000282fb353540,
0x00000282fb356670, 0x0000028284ab9160, 0x000002829cf393b0, 0x00000282fb197a30,
0x0000028284baf1f0, 0x0000028284e48e80
}

Java Threads: ( => current thread )
  0x00000282fb025610 JavaThread "Reference Handler"          daemon [_thread_blocked, id=22376, stack(0x000000c105400000,0x000000c105500000) (1024K)]
  0x00000282fb02a090 JavaThread "Finalizer"                  daemon [_thread_blocked, id=31152, stack(0x000000c105500000,0x000000c105600000) (1024K)]
  0x00000282fb02d640 JavaThread "Signal Dispatcher"          daemon [_thread_blocked, id=39104, stack(0x000000c105600000,0x000000c105700000) (1024K)]
  0x00000282fb02e320 JavaThread "Attach Listener"            daemon [_thread_blocked, id=6492, stack(0x000000c105700000,0x000000c105800000) (1024K)]
  0x00000282fb030560 JavaThread "Service Thread"             daemon [_thread_blocked, id=41632, stack(0x000000c105800000,0x000000c105900000) (1024K)]
  0x00000282fb031390 JavaThread "Monitor Deflation Thread"   daemon [_thread_blocked, id=33244, stack(0x000000c105900000,0x000000c105a00000) (1024K)]
=>0x00000282fb037a00 JavaThread "C2 CompilerThread0"         daemon [_thread_in_native, id=33260, stack(0x000000c105a00000,0x000000c105b00000) (1024K)]
  0x00000282fb03b970 JavaThread "C1 CompilerThread0"         daemon [_thread_blocked, id=10496, stack(0x000000c105b00000,0x000000c105c00000) (1024K)]
  0x00000282fb178ce0 JavaThread "Notification Thread"        daemon [_thread_blocked, id=23584, stack(0x000000c105c00000,0x000000c105d00000) (1024K)]
  0x00000282fb17bd40 JavaThread "Common-Cleaner"             daemon [_thread_blocked, id=28160, stack(0x000000c105d00000,0x000000c105e00000) (1024K)]
  0x00000282fb34b3c0 JavaThread "Java2D Disposer"            daemon [_thread_blocked, id=43536, stack(0x000000c105e00000,0x000000c105f00000) (1024K)]
  0x00000282fb353540 JavaThread "AWT-Shutdown"                      [_thread_blocked, id=42360, stack(0x000000c105f00000,0x000000c106000000) (1024K)]
  0x00000282fb356670 JavaThread "AWT-Windows"                daemon [_thread_in_native, id=23304, stack(0x000000c106000000,0x000000c106100000) (1024K)]
  0x0000028284ab9160 JavaThread "AWT-EventQueue-0"                  [_thread_in_native, id=22976, stack(0x000000c106800000,0x000000c106900000) (1024K)]
  0x000002829cf393b0 JavaThread "DestroyJavaVM"                     [_thread_blocked, id=26312, stack(0x000000c104c00000,0x000000c104d00000) (1024K)]
  0x00000282fb197a30 JavaThread "D3D Screen Updater"         daemon [_thread_blocked, id=41424, stack(0x000000c106b00000,0x000000c106c00000) (1024K)]
  0x0000028284baf1f0 JavaThread "TimerQueue"                 daemon [_thread_blocked, id=19252, stack(0x000000c106c00000,0x000000c106d00000) (1024K)]
  0x0000028284e48e80 JavaThread "Thread-0"                          [_thread_in_native, id=41844, stack(0x000000c107000000,0x000000c107100000) (1024K)]
Total: 18

Other Threads:
  0x00000282fb00e910 VMThread "VM Thread"                           [id=6540, stack(0x000000c105300000,0x000000c105400000) (1024K)]
  0x00000282b95fc0f0 WatcherThread "VM Periodic Task Thread"        [id=27324, stack(0x000000c105200000,0x000000c105300000) (1024K)]
  0x000002829cf85b20 WorkerThread "GC Thread#0"                     [id=28696, stack(0x000000c104d00000,0x000000c104e00000) (1024K)]
  0x0000028284b10fd0 WorkerThread "GC Thread#1"                     [id=23816, stack(0x000000c106f00000,0x000000c107000000) (1024K)]
  0x0000028284b11380 WorkerThread "GC Thread#2"                     [id=41324, stack(0x000000c107100000,0x000000c107200000) (1024K)]
  0x0000028284b11730 WorkerThread "GC Thread#3"                     [id=41728, stack(0x000000c107200000,0x000000c107300000) (1024K)]
  0x00000282fb06aef0 WorkerThread "GC Thread#4"                     [id=40468, stack(0x000000c107300000,0x000000c107400000) (1024K)]
  0x00000282fb06b2a0 WorkerThread "GC Thread#5"                     [id=28992, stack(0x000000c107400000,0x000000c107500000) (1024K)]
  0x00000282fb06b650 WorkerThread "GC Thread#6"                     [id=24976, stack(0x000000c107500000,0x000000c107600000) (1024K)]
  0x00000282fb3b6b80 WorkerThread "GC Thread#7"                     [id=34664, stack(0x000000c107600000,0x000000c107700000) (1024K)]
  0x000002829cf955a0 ConcurrentGCThread "G1 Main Marker"            [id=33488, stack(0x000000c104e00000,0x000000c104f00000) (1024K)]
  0x000002829cf97c00 WorkerThread "G1 Conc#0"                       [id=43852, stack(0x000000c104f00000,0x000000c105000000) (1024K)]
  0x00000282b94cb5d0 ConcurrentGCThread "G1 Refine#0"               [id=9652, stack(0x000000c105000000,0x000000c105100000) (1024K)]
  0x00000282b94cde10 ConcurrentGCThread "G1 Service"                [id=38528, stack(0x000000c105100000,0x000000c105200000) (1024K)]
Total: 14

Threads with active compile tasks:
C2 CompilerThread0    70836 2407       4       java.lang.String::<init> (98 bytes)
Total: 1

VM state: not at safepoint (normal execution)

VM Mutex/Monitor currently owned by a thread: None

Heap address: 0x000000008a400000, size: 1884 MB, Compressed Oops mode: 32-bit

CDS archive(s) mapped at: [0x00000282ba000000-0x00000282bac90000-0x00000282bac90000), size 13172736, SharedBaseAddress: 0x00000282ba000000, ArchiveRelocationMode: 1.
Compressed class space mapped at: 0x00000282bb000000-0x00000282fb000000, reserved size: 1073741824
Narrow klass base: 0x00000282ba000000, Narrow klass shift: 0, Narrow klass range: 0x100000000

GC Precious Log:
 CardTable entry size: 512
 Card Set container configuration: InlinePtr #cards 5 size 8 Array Of Cards #cards 12 size 40 Howl #buckets 4 coarsen threshold 1843 Howl Bitmap #cards 512 size 80 coarsen threshold 460 Card regions per heap region 1 cards per card region 2048
 CPUs: 8 total, 8 available
 Memory: 7532M
 Large Page Support: Disabled
 NUMA Support: Disabled
 Compressed Oops: Enabled (32-bit)
 Heap Region Size: 1M
 Heap Min Capacity: 8M
 Heap Initial Capacity: 118M
 Heap Max Capacity: 1884M
 Pre-touch: Disabled
 Parallel Workers: 8
 Concurrent Workers: 2
 Concurrent Refinement Workers: 8
 Periodic GC: Disabled

Heap:
 garbage-first heap   total 120832K, used 26696K [0x000000008a400000, 0x0000000100000000)
  region size 1024K, 23 young (23552K), 3 survivors (3072K)
 Metaspace       used 11229K, committed 11456K, reserved 1114112K
  class space    used 1129K, committed 1216K, reserved 1048576K

Heap Regions: E=young(eden), S=young(survivor), O=old, HS=humongous(starts), HC=humongous(continues), CS=collection set, F=free, TAMS=top-at-mark-start, PB=parsable bottom
|   0|0x000000008a400000, 0x000000008a500000, 0x000000008a500000|100%|HS|  |TAMS 0x000000008a400000| PB 0x000000008a400000| Complete 
|   1|0x000000008a500000, 0x000000008a600000, 0x000000008a600000|100%|HC|  |TAMS 0x000000008a500000| PB 0x000000008a500000| Complete 
|   2|0x000000008a600000, 0x000000008a700000, 0x000000008a700000|100%|HS|  |TAMS 0x000000008a600000| PB 0x000000008a600000| Complete 
|   3|0x000000008a700000, 0x000000008a800000, 0x000000008a800000|100%|HC|  |TAMS 0x000000008a700000| PB 0x000000008a700000| Complete 
|   4|0x000000008a800000, 0x000000008a812000, 0x000000008a900000|  7%| O|  |TAMS 0x000000008a800000| PB 0x000000008a800000| Untracked 
|   5|0x000000008a900000, 0x000000008a900000, 0x000000008aa00000|  0%| F|  |TAMS 0x000000008a900000| PB 0x000000008a900000| Untracked 
|   6|0x000000008aa00000, 0x000000008aa00000, 0x000000008ab00000|  0%| F|  |TAMS 0x000000008aa00000| PB 0x000000008aa00000| Untracked 
|   7|0x000000008ab00000, 0x000000008ab00000, 0x000000008ac00000|  0%| F|  |TAMS 0x000000008ab00000| PB 0x000000008ab00000| Untracked 
|   8|0x000000008ac00000, 0x000000008ac00000, 0x000000008ad00000|  0%| F|  |TAMS 0x000000008ac00000| PB 0x000000008ac00000| Untracked 
|   9|0x000000008ad00000, 0x000000008ad00000, 0x000000008ae00000|  0%| F|  |TAMS 0x000000008ad00000| PB 0x000000008ad00000| Untracked 
|  10|0x000000008ae00000, 0x000000008ae00000, 0x000000008af00000|  0%| F|  |TAMS 0x000000008ae00000| PB 0x000000008ae00000| Untracked 
|  11|0x000000008af00000, 0x000000008af00000, 0x000000008b000000|  0%| F|  |TAMS 0x000000008af00000| PB 0x000000008af00000| Untracked 
|  12|0x000000008b000000, 0x000000008b000000, 0x000000008b100000|  0%| F|  |TAMS 0x000000008b000000| PB 0x000000008b000000| Untracked 
|  13|0x000000008b100000, 0x000000008b100000, 0x000000008b200000|  0%| F|  |TAMS 0x000000008b100000| PB 0x000000008b100000| Untracked 
|  14|0x000000008b200000, 0x000000008b200000, 0x000000008b300000|  0%| F|  |TAMS 0x000000008b200000| PB 0x000000008b200000| Untracked 
|  15|0x000000008b300000, 0x000000008b300000, 0x000000008b400000|  0%| F|  |TAMS 0x000000008b300000| PB 0x000000008b300000| Untracked 
|  16|0x000000008b400000, 0x000000008b400000, 0x000000008b500000|  0%| F|  |TAMS 0x000000008b400000| PB 0x000000008b400000| Untracked 
|  17|0x000000008b500000, 0x000000008b500000, 0x000000008b600000|  0%| F|  |TAMS 0x000000008b500000| PB 0x000000008b500000| Untracked 
|  18|0x000000008b600000, 0x000000008b600000, 0x000000008b700000|  0%| F|  |TAMS 0x000000008b600000| PB 0x000000008b600000| Untracked 
|  19|0x000000008b700000, 0x000000008b700000, 0x000000008b800000|  0%| F|  |TAMS 0x000000008b700000| PB 0x000000008b700000| Untracked 
|  20|0x000000008b800000, 0x000000008b800000, 0x000000008b900000|  0%| F|  |TAMS 0x000000008b800000| PB 0x000000008b800000| Untracked 
|  21|0x000000008b900000, 0x000000008b900000, 0x000000008ba00000|  0%| F|  |TAMS 0x000000008b900000| PB 0x000000008b900000| Untracked 
|  22|0x000000008ba00000, 0x000000008ba00000, 0x000000008bb00000|  0%| F|  |TAMS 0x000000008ba00000| PB 0x000000008ba00000| Untracked 
|  23|0x000000008bb00000, 0x000000008bb00000, 0x000000008bc00000|  0%| F|  |TAMS 0x000000008bb00000| PB 0x000000008bb00000| Untracked 
|  24|0x000000008bc00000, 0x000000008bc00000, 0x000000008bd00000|  0%| F|  |TAMS 0x000000008bc00000| PB 0x000000008bc00000| Untracked 
|  25|0x000000008bd00000, 0x000000008bd00000, 0x000000008be00000|  0%| F|  |TAMS 0x000000008bd00000| PB 0x000000008bd00000| Untracked 
|  26|0x000000008be00000, 0x000000008be00000, 0x000000008bf00000|  0%| F|  |TAMS 0x000000008be00000| PB 0x000000008be00000| Untracked 
|  27|0x000000008bf00000, 0x000000008bf00000, 0x000000008c000000|  0%| F|  |TAMS 0x000000008bf00000| PB 0x000000008bf00000| Untracked 
|  28|0x000000008c000000, 0x000000008c000000, 0x000000008c100000|  0%| F|  |TAMS 0x000000008c000000| PB 0x000000008c000000| Untracked 
|  29|0x000000008c100000, 0x000000008c100000, 0x000000008c200000|  0%| F|  |TAMS 0x000000008c100000| PB 0x000000008c100000| Untracked 
|  30|0x000000008c200000, 0x000000008c200000, 0x000000008c300000|  0%| F|  |TAMS 0x000000008c200000| PB 0x000000008c200000| Untracked 
|  31|0x000000008c300000, 0x000000008c300000, 0x000000008c400000|  0%| F|  |TAMS 0x000000008c300000| PB 0x000000008c300000| Untracked 
|  32|0x000000008c400000, 0x000000008c400000, 0x000000008c500000|  0%| F|  |TAMS 0x000000008c400000| PB 0x000000008c400000| Untracked 
|  33|0x000000008c500000, 0x000000008c500000, 0x000000008c600000|  0%| F|  |TAMS 0x000000008c500000| PB 0x000000008c500000| Untracked 
|  34|0x000000008c600000, 0x000000008c600000, 0x000000008c700000|  0%| F|  |TAMS 0x000000008c600000| PB 0x000000008c600000| Untracked 
|  35|0x000000008c700000, 0x000000008c700000, 0x000000008c800000|  0%| F|  |TAMS 0x000000008c700000| PB 0x000000008c700000| Untracked 
|  36|0x000000008c800000, 0x000000008c800000, 0x000000008c900000|  0%| F|  |TAMS 0x000000008c800000| PB 0x000000008c800000| Untracked 
|  37|0x000000008c900000, 0x000000008c900000, 0x000000008ca00000|  0%| F|  |TAMS 0x000000008c900000| PB 0x000000008c900000| Untracked 
|  38|0x000000008ca00000, 0x000000008ca00000, 0x000000008cb00000|  0%| F|  |TAMS 0x000000008ca00000| PB 0x000000008ca00000| Untracked 
|  39|0x000000008cb00000, 0x000000008cb00000, 0x000000008cc00000|  0%| F|  |TAMS 0x000000008cb00000| PB 0x000000008cb00000| Untracked 
|  40|0x000000008cc00000, 0x000000008cc00000, 0x000000008cd00000|  0%| F|  |TAMS 0x000000008cc00000| PB 0x000000008cc00000| Untracked 
|  41|0x000000008cd00000, 0x000000008cd00000, 0x000000008ce00000|  0%| F|  |TAMS 0x000000008cd00000| PB 0x000000008cd00000| Untracked 
|  42|0x000000008ce00000, 0x000000008ce00000, 0x000000008cf00000|  0%| F|  |TAMS 0x000000008ce00000| PB 0x000000008ce00000| Untracked 
|  43|0x000000008cf00000, 0x000000008cf00000, 0x000000008d000000|  0%| F|  |TAMS 0x000000008cf00000| PB 0x000000008cf00000| Untracked 
|  44|0x000000008d000000, 0x000000008d000000, 0x000000008d100000|  0%| F|  |TAMS 0x000000008d000000| PB 0x000000008d000000| Untracked 
|  45|0x000000008d100000, 0x000000008d100000, 0x000000008d200000|  0%| F|  |TAMS 0x000000008d100000| PB 0x000000008d100000| Untracked 
|  46|0x000000008d200000, 0x000000008d200000, 0x000000008d300000|  0%| F|  |TAMS 0x000000008d200000| PB 0x000000008d200000| Untracked 
|  47|0x000000008d300000, 0x000000008d300000, 0x000000008d400000|  0%| F|  |TAMS 0x000000008d300000| PB 0x000000008d300000| Untracked 
|  48|0x000000008d400000, 0x000000008d400000, 0x000000008d500000|  0%| F|  |TAMS 0x000000008d400000| PB 0x000000008d400000| Untracked 
|  49|0x000000008d500000, 0x000000008d500000, 0x000000008d600000|  0%| F|  |TAMS 0x000000008d500000| PB 0x000000008d500000| Untracked 
|  50|0x000000008d600000, 0x000000008d600000, 0x000000008d700000|  0%| F|  |TAMS 0x000000008d600000| PB 0x000000008d600000| Untracked 
|  51|0x000000008d700000, 0x000000008d700000, 0x000000008d800000|  0%| F|  |TAMS 0x000000008d700000| PB 0x000000008d700000| Untracked 
|  52|0x000000008d800000, 0x000000008d800000, 0x000000008d900000|  0%| F|  |TAMS 0x000000008d800000| PB 0x000000008d800000| Untracked 
|  53|0x000000008d900000, 0x000000008d900000, 0x000000008da00000|  0%| F|  |TAMS 0x000000008d900000| PB 0x000000008d900000| Untracked 
|  54|0x000000008da00000, 0x000000008da00000, 0x000000008db00000|  0%| F|  |TAMS 0x000000008da00000| PB 0x000000008da00000| Untracked 
|  55|0x000000008db00000, 0x000000008db00000, 0x000000008dc00000|  0%| F|  |TAMS 0x000000008db00000| PB 0x000000008db00000| Untracked 
|  56|0x000000008dc00000, 0x000000008dc00000, 0x000000008dd00000|  0%| F|  |TAMS 0x000000008dc00000| PB 0x000000008dc00000| Untracked 
|  57|0x000000008dd00000, 0x000000008dd00000, 0x000000008de00000|  0%| F|  |TAMS 0x000000008dd00000| PB 0x000000008dd00000| Untracked 
|  58|0x000000008de00000, 0x000000008de00000, 0x000000008df00000|  0%| F|  |TAMS 0x000000008de00000| PB 0x000000008de00000| Untracked 
|  59|0x000000008df00000, 0x000000008df00000, 0x000000008e000000|  0%| F|  |TAMS 0x000000008df00000| PB 0x000000008df00000| Untracked 
|  60|0x000000008e000000, 0x000000008e000000, 0x000000008e100000|  0%| F|  |TAMS 0x000000008e000000| PB 0x000000008e000000| Untracked 
|  61|0x000000008e100000, 0x000000008e100000, 0x000000008e200000|  0%| F|  |TAMS 0x000000008e100000| PB 0x000000008e100000| Untracked 
|  62|0x000000008e200000, 0x000000008e200000, 0x000000008e300000|  0%| F|  |TAMS 0x000000008e200000| PB 0x000000008e200000| Untracked 
|  63|0x000000008e300000, 0x000000008e300000, 0x000000008e400000|  0%| F|  |TAMS 0x000000008e300000| PB 0x000000008e300000| Untracked 
|  64|0x000000008e400000, 0x000000008e400000, 0x000000008e500000|  0%| F|  |TAMS 0x000000008e400000| PB 0x000000008e400000| Untracked 
|  65|0x000000008e500000, 0x000000008e500000, 0x000000008e600000|  0%| F|  |TAMS 0x000000008e500000| PB 0x000000008e500000| Untracked 
|  66|0x000000008e600000, 0x000000008e600000, 0x000000008e700000|  0%| F|  |TAMS 0x000000008e600000| PB 0x000000008e600000| Untracked 
|  67|0x000000008e700000, 0x000000008e700000, 0x000000008e800000|  0%| F|  |TAMS 0x000000008e700000| PB 0x000000008e700000| Untracked 
|  68|0x000000008e800000, 0x000000008e800000, 0x000000008e900000|  0%| F|  |TAMS 0x000000008e800000| PB 0x000000008e800000| Untracked 
|  69|0x000000008e900000, 0x000000008e900000, 0x000000008ea00000|  0%| F|  |TAMS 0x000000008e900000| PB 0x000000008e900000| Untracked 
|  70|0x000000008ea00000, 0x000000008ea00000, 0x000000008eb00000|  0%| F|  |TAMS 0x000000008ea00000| PB 0x000000008ea00000| Untracked 
|  71|0x000000008eb00000, 0x000000008eb00000, 0x000000008ec00000|  0%| F|  |TAMS 0x000000008eb00000| PB 0x000000008eb00000| Untracked 
|  72|0x000000008ec00000, 0x000000008ec00000, 0x000000008ed00000|  0%| F|  |TAMS 0x000000008ec00000| PB 0x000000008ec00000| Untracked 
|  73|0x000000008ed00000, 0x000000008ed00000, 0x000000008ee00000|  0%| F|  |TAMS 0x000000008ed00000| PB 0x000000008ed00000| Untracked 
|  74|0x000000008ee00000, 0x000000008ee00000, 0x000000008ef00000|  0%| F|  |TAMS 0x000000008ee00000| PB 0x000000008ee00000| Untracked 
|  75|0x000000008ef00000, 0x000000008ef00000, 0x000000008f000000|  0%| F|  |TAMS 0x000000008ef00000| PB 0x000000008ef00000| Untracked 
|  76|0x000000008f000000, 0x000000008f000000, 0x000000008f100000|  0%| F|  |TAMS 0x000000008f000000| PB 0x000000008f000000| Untracked 
|  77|0x000000008f100000, 0x000000008f100000, 0x000000008f200000|  0%| F|  |TAMS 0x000000008f100000| PB 0x000000008f100000| Untracked 
|  78|0x000000008f200000, 0x000000008f200000, 0x000000008f300000|  0%| F|  |TAMS 0x000000008f200000| PB 0x000000008f200000| Untracked 
|  79|0x000000008f300000, 0x000000008f300000, 0x000000008f400000|  0%| F|  |TAMS 0x000000008f300000| PB 0x000000008f300000| Untracked 
|  80|0x000000008f400000, 0x000000008f400000, 0x000000008f500000|  0%| F|  |TAMS 0x000000008f400000| PB 0x000000008f400000| Untracked 
|  81|0x000000008f500000, 0x000000008f500000, 0x000000008f600000|  0%| F|  |TAMS 0x000000008f500000| PB 0x000000008f500000| Untracked 
|  82|0x000000008f600000, 0x000000008f600000, 0x000000008f700000|  0%| F|  |TAMS 0x000000008f600000| PB 0x000000008f600000| Untracked 
|  83|0x000000008f700000, 0x000000008f700000, 0x000000008f800000|  0%| F|  |TAMS 0x000000008f700000| PB 0x000000008f700000| Untracked 
|  84|0x000000008f800000, 0x000000008f800000, 0x000000008f900000|  0%| F|  |TAMS 0x000000008f800000| PB 0x000000008f800000| Untracked 
|  85|0x000000008f900000, 0x000000008f900000, 0x000000008fa00000|  0%| F|  |TAMS 0x000000008f900000| PB 0x000000008f900000| Untracked 
|  86|0x000000008fa00000, 0x000000008fa00000, 0x000000008fb00000|  0%| F|  |TAMS 0x000000008fa00000| PB 0x000000008fa00000| Untracked 
|  87|0x000000008fb00000, 0x000000008fb00000, 0x000000008fc00000|  0%| F|  |TAMS 0x000000008fb00000| PB 0x000000008fb00000| Untracked 
|  88|0x000000008fc00000, 0x000000008fc00000, 0x000000008fd00000|  0%| F|  |TAMS 0x000000008fc00000| PB 0x000000008fc00000| Untracked 
|  89|0x000000008fd00000, 0x000000008fd00000, 0x000000008fe00000|  0%| F|  |TAMS 0x000000008fd00000| PB 0x000000008fd00000| Untracked 
|  90|0x000000008fe00000, 0x000000008fe00000, 0x000000008ff00000|  0%| F|  |TAMS 0x000000008fe00000| PB 0x000000008fe00000| Untracked 
|  91|0x000000008ff00000, 0x000000008ff00000, 0x0000000090000000|  0%| F|  |TAMS 0x000000008ff00000| PB 0x000000008ff00000| Untracked 
|  92|0x0000000090000000, 0x0000000090100000, 0x0000000090100000|100%| S|CS|TAMS 0x0000000090000000| PB 0x0000000090000000| Complete 
|  93|0x0000000090100000, 0x0000000090200000, 0x0000000090200000|100%| S|CS|TAMS 0x0000000090100000| PB 0x0000000090100000| Complete 
|  94|0x0000000090200000, 0x0000000090300000, 0x0000000090300000|100%| S|CS|TAMS 0x0000000090200000| PB 0x0000000090200000| Complete 
|  95|0x0000000090300000, 0x0000000090300000, 0x0000000090400000|  0%| F|  |TAMS 0x0000000090300000| PB 0x0000000090300000| Untracked 
|  96|0x0000000090400000, 0x0000000090400000, 0x0000000090500000|  0%| F|  |TAMS 0x0000000090400000| PB 0x0000000090400000| Untracked 
|  97|0x0000000090500000, 0x0000000090500000, 0x0000000090600000|  0%| F|  |TAMS 0x0000000090500000| PB 0x0000000090500000| Untracked 
|  98|0x0000000090600000, 0x00000000906bffc8, 0x0000000090700000| 74%| E|  |TAMS 0x0000000090600000| PB 0x0000000090600000| Complete 
|  99|0x0000000090700000, 0x0000000090800000, 0x0000000090800000|100%| E|CS|TAMS 0x0000000090700000| PB 0x0000000090700000| Complete 
| 100|0x0000000090800000, 0x0000000090900000, 0x0000000090900000|100%| E|CS|TAMS 0x0000000090800000| PB 0x0000000090800000| Complete 
| 101|0x0000000090900000, 0x0000000090a00000, 0x0000000090a00000|100%| E|CS|TAMS 0x0000000090900000| PB 0x0000000090900000| Complete 
| 102|0x0000000090a00000, 0x0000000090b00000, 0x0000000090b00000|100%| E|CS|TAMS 0x0000000090a00000| PB 0x0000000090a00000| Complete 
| 103|0x0000000090b00000, 0x0000000090c00000, 0x0000000090c00000|100%| E|CS|TAMS 0x0000000090b00000| PB 0x0000000090b00000| Complete 
| 104|0x0000000090c00000, 0x0000000090d00000, 0x0000000090d00000|100%| E|CS|TAMS 0x0000000090c00000| PB 0x0000000090c00000| Complete 
| 105|0x0000000090d00000, 0x0000000090e00000, 0x0000000090e00000|100%| E|CS|TAMS 0x0000000090d00000| PB 0x0000000090d00000| Complete 
| 106|0x0000000090e00000, 0x0000000090f00000, 0x0000000090f00000|100%| E|CS|TAMS 0x0000000090e00000| PB 0x0000000090e00000| Complete 
| 107|0x0000000090f00000, 0x0000000091000000, 0x0000000091000000|100%| E|CS|TAMS 0x0000000090f00000| PB 0x0000000090f00000| Complete 
| 108|0x0000000091000000, 0x0000000091100000, 0x0000000091100000|100%| E|CS|TAMS 0x0000000091000000| PB 0x0000000091000000| Complete 
| 109|0x0000000091100000, 0x0000000091200000, 0x0000000091200000|100%| E|CS|TAMS 0x0000000091100000| PB 0x0000000091100000| Complete 
| 110|0x0000000091200000, 0x0000000091300000, 0x0000000091300000|100%| E|CS|TAMS 0x0000000091200000| PB 0x0000000091200000| Complete 
| 111|0x0000000091300000, 0x0000000091400000, 0x0000000091400000|100%| E|CS|TAMS 0x0000000091300000| PB 0x0000000091300000| Complete 
| 112|0x0000000091400000, 0x0000000091500000, 0x0000000091500000|100%| E|CS|TAMS 0x0000000091400000| PB 0x0000000091400000| Complete 
| 113|0x0000000091500000, 0x0000000091600000, 0x0000000091600000|100%| E|CS|TAMS 0x0000000091500000| PB 0x0000000091500000| Complete 
| 114|0x0000000091600000, 0x0000000091700000, 0x0000000091700000|100%| E|CS|TAMS 0x0000000091600000| PB 0x0000000091600000| Complete 
| 115|0x0000000091700000, 0x0000000091800000, 0x0000000091800000|100%| E|CS|TAMS 0x0000000091700000| PB 0x0000000091700000| Complete 
| 116|0x0000000091800000, 0x0000000091900000, 0x0000000091900000|100%| E|CS|TAMS 0x0000000091800000| PB 0x0000000091800000| Complete 
| 117|0x0000000091900000, 0x0000000091a00000, 0x0000000091a00000|100%| E|CS|TAMS 0x0000000091900000| PB 0x0000000091900000| Complete 

Card table byte_map: [0x00000282b51e0000,0x00000282b5590000] _byte_map_base: 0x00000282b4d8e000

Marking Bits: (CMBitMap*) 0x000002829cf86140
 Bits: [0x00000282b5590000, 0x00000282b7300000)

Polling page: 0x000002829b320000

Metaspace:

Usage:
  Non-class:      9.86 MB used.
      Class:      1.10 MB used.
       Both:     10.97 MB used.

Virtual space:
  Non-class space:       64.00 MB reserved,      10.00 MB ( 16%) committed,  1 nodes.
      Class space:        1.00 GB reserved,       1.19 MB ( <1%) committed,  1 nodes.
             Both:        1.06 GB reserved,      11.19 MB (  1%) committed. 

Chunk freelists:
   Non-Class:  6.04 MB
       Class:  14.73 MB
        Both:  20.76 MB

MaxMetaspaceSize: unlimited
CompressedClassSpaceSize: 1.00 GB
Initial GC threshold: 21.00 MB
Current GC threshold: 21.00 MB
CDS: on
 - commit_granule_bytes: 65536.
 - commit_granule_words: 8192.
 - virtual_space_node_default_size: 8388608.
 - enlarge_chunks_in_place: 1.
 - use_allocation_guard: 0.


Internal statistics:

num_allocs_failed_limit: 0.
num_arena_births: 148.
num_arena_deaths: 0.
num_vsnodes_births: 2.
num_vsnodes_deaths: 0.
num_space_committed: 179.
num_space_uncommitted: 0.
num_chunks_returned_to_freelist: 0.
num_chunks_taken_from_freelist: 202.
num_chunk_merges: 0.
num_chunk_splits: 113.
num_chunks_enlarged: 45.
num_inconsistent_stats: 0.

CodeHeap 'non-profiled nmethods': size=120000Kb used=1372Kb max_used=1372Kb free=118627Kb
 bounds [0x00000282acea0000, 0x00000282ad110000, 0x00000282b43d0000]
CodeHeap 'profiled nmethods': size=120000Kb used=4138Kb max_used=4138Kb free=115861Kb
 bounds [0x00000282a53d0000, 0x00000282a57e0000, 0x00000282ac900000]
CodeHeap 'non-nmethods': size=5760Kb used=1632Kb max_used=1668Kb free=4127Kb
 bounds [0x00000282ac900000, 0x00000282acb70000, 0x00000282acea0000]
 total_blobs=3089 nmethods=2405 adapters=589
 compilation: enabled
              stopped_count=0, restarted_count=0
 full_count=0

Compilation events (20 events):
Event: 65.024 Thread 0x00000282fb037a00 nmethod 2397 0x00000282acff1490 code [0x00000282acff16c0, 0x00000282acff2218]
Event: 65.046 Thread 0x00000282fb037a00 2398   !   4       sun.swing.CachedPainter::getCache (70 bytes)
Event: 65.052 Thread 0x00000282fb037a00 nmethod 2398 0x00000282acff2590 code [0x00000282acff2760, 0x00000282acff2cb8]
Event: 65.076 Thread 0x00000282fb037a00 2399       4       sun.swing.ImageCache::getImage (19 bytes)
Event: 65.077 Thread 0x00000282fb037a00 nmethod 2399 0x00000282acff3010 code [0x00000282acff31a0, 0x00000282acff3270]
Event: 65.267 Thread 0x00000282fb037a00 2400       4       java.awt.geom.Rectangle2D::setFrame (11 bytes)
Event: 65.271 Thread 0x00000282fb037a00 nmethod 2400 0x00000282acff3390 code [0x00000282acff35e0, 0x00000282acff3c88]
Event: 65.479 Thread 0x00000282fb037a00 2401       4       com.yusuf.ballwars.Ball::ciz (88 bytes)
Event: 65.508 Thread 0x00000282fb037a00 nmethod 2401 0x00000282acff4010 code [0x00000282acff4300, 0x00000282acff51b8]
Event: 65.510 Thread 0x00000282fb037a00 2402       4       java.lang.Math::max (46 bytes)
Event: 65.511 Thread 0x00000282fb037a00 nmethod 2402 0x00000282acff5b10 code [0x00000282acff5cc0, 0x00000282acff5e40]
Event: 65.512 Thread 0x00000282fb037a00 2403   !   4       java.lang.Object::wait (50 bytes)
Event: 65.515 Thread 0x00000282fb037a00 nmethod 2403 0x00000282acff5f10 code [0x00000282acff60c0, 0x00000282acff6240]
Event: 66.820 Thread 0x00000282fb037a00 2404       4       com.yusuf.ballwars.Ball::duvarCarpmasiKontrol (261 bytes)
Event: 66.822 Thread 0x00000282fb037a00 nmethod 2404 0x00000282acff6490 code [0x00000282acff6640, 0x00000282acff6810]
Event: 66.822 Thread 0x00000282fb037a00 2405       4       com.yusuf.ballwars.Table::ikiTopCarpismaKontrol (263 bytes)
Event: 66.824 Thread 0x00000282fb037a00 nmethod 2405 0x00000282acff6910 code [0x00000282acff6ac0, 0x00000282acff6c70]
Event: 69.847 Thread 0x00000282fb037a00 2406       4       java.lang.ref.Reference::clear (5 bytes)
Event: 69.848 Thread 0x00000282fb037a00 nmethod 2406 0x00000282acff6e10 code [0x00000282acff6fa0, 0x00000282acff7050]
Event: 70.741 Thread 0x00000282fb037a00 2407       4       java.lang.String::<init> (98 bytes)

GC Heap History (2 events):
Event: 37.628 GC heap before
{Heap before GC invocations=0 (full 0):
 garbage-first heap   total 120832K, used 27648K [0x000000008a400000, 0x0000000100000000)
  region size 1024K, 23 young (23552K), 0 survivors (0K)
 Metaspace       used 11213K, committed 11456K, reserved 1114112K
  class space    used 1128K, committed 1216K, reserved 1048576K
}
Event: 37.646 GC heap after
{Heap after GC invocations=1 (full 0):
 garbage-first heap   total 120832K, used 7240K [0x000000008a400000, 0x0000000100000000)
  region size 1024K, 3 young (3072K), 3 survivors (3072K)
 Metaspace       used 11213K, committed 11456K, reserved 1114112K
  class space    used 1128K, committed 1216K, reserved 1048576K
}

Dll operation events (10 events):
Event: 0.008 Loaded shared library C:\Program Files\Java\jdk-21.0.10\bin\java.dll
Event: 0.049 Loaded shared library C:\Program Files\Java\jdk-21.0.10\bin\jsvml.dll
Event: 0.071 Loaded shared library C:\Program Files\Java\jdk-21.0.10\bin\net.dll
Event: 0.075 Loaded shared library C:\Program Files\Java\jdk-21.0.10\bin\nio.dll
Event: 0.079 Loaded shared library C:\Program Files\Java\jdk-21.0.10\bin\zip.dll
Event: 0.104 Loaded shared library C:\Program Files\Java\jdk-21.0.10\bin\jimage.dll
Event: 0.127 Loaded shared library C:\Program Files\Java\jdk-21.0.10\bin\awt.dll
Event: 0.494 Loaded shared library C:\Program Files\Java\jdk-21.0.10\bin\freetype.dll
Event: 0.495 Loaded shared library C:\Program Files\Java\jdk-21.0.10\bin\fontmanager.dll
Event: 5.790 Loaded shared library C:\Program Files\Java\jdk-21.0.10\bin\extnet.dll

Deoptimization events (20 events):
Event: 12.428 Thread 0x0000028284ab9160 DEOPT PACKING pc=0x00000282a55d19d5 sp=0x000000c1068fdfb0
Event: 12.428 Thread 0x0000028284ab9160 DEOPT UNPACKING pc=0x00000282ac954e42 sp=0x000000c1068fd3b0 mode 0
Event: 16.078 Thread 0x0000028284ab9160 Uncommon trap: trap_request=0xffffff6e fr.pc=0x00000282acf47154 relative=0x0000000000000594
Event: 16.078 Thread 0x0000028284ab9160 Uncommon trap: reason=loop_limit_check action=maybe_recompile pc=0x00000282acf47154 method=java.awt.geom.AffineTransform.transform([DI[DII)V @ 454 c2
Event: 16.078 Thread 0x0000028284ab9160 DEOPT PACKING pc=0x00000282acf47154 sp=0x000000c1068fded0
Event: 16.078 Thread 0x0000028284ab9160 DEOPT UNPACKING pc=0x00000282ac9546a2 sp=0x000000c1068fddf0 mode 2
Event: 24.463 Thread 0x0000028284ab9160 DEOPT PACKING pc=0x00000282a55fc296 sp=0x000000c1068fee10
Event: 24.463 Thread 0x0000028284ab9160 DEOPT UNPACKING pc=0x00000282ac954e42 sp=0x000000c1068fe2a0 mode 0
Event: 37.646 Thread 0x0000028284ab9160 Uncommon trap: trap_request=0xffffff45 fr.pc=0x00000282acf8cfb4 relative=0x00000000000029b4
Event: 37.646 Thread 0x0000028284ab9160 Uncommon trap: reason=unstable_if action=reinterpret pc=0x00000282acf8cfb4 method=java.lang.ref.SoftReference.get()Ljava/lang/Object; @ 17 c2
Event: 37.646 Thread 0x0000028284ab9160 DEOPT PACKING pc=0x00000282acf8cfb4 sp=0x000000c1068fe180
Event: 37.646 Thread 0x0000028284ab9160 DEOPT UNPACKING pc=0x00000282ac9546a2 sp=0x000000c1068fdfa8 mode 2
Event: 37.646 Thread 0x0000028284ab9160 Uncommon trap: trap_request=0xffffff45 fr.pc=0x00000282acf41900 relative=0x00000000000000e0
Event: 37.646 Thread 0x0000028284ab9160 Uncommon trap: reason=unstable_if action=reinterpret pc=0x00000282acf41900 method=java.lang.ref.SoftReference.get()Ljava/lang/Object; @ 17 c2
Event: 37.646 Thread 0x0000028284ab9160 DEOPT PACKING pc=0x00000282acf41900 sp=0x000000c1068fddc0
Event: 37.646 Thread 0x0000028284ab9160 DEOPT UNPACKING pc=0x00000282ac9546a2 sp=0x000000c1068fdd70 mode 2
Event: 37.659 Thread 0x0000028284ab9160 Uncommon trap: trap_request=0xffffff45 fr.pc=0x00000282acf7df40 relative=0x00000000000002e0
Event: 37.659 Thread 0x0000028284ab9160 Uncommon trap: reason=unstable_if action=reinterpret pc=0x00000282acf7df40 method=java.lang.ref.SoftReference.get()Ljava/lang/Object; @ 17 c2
Event: 37.659 Thread 0x0000028284ab9160 DEOPT PACKING pc=0x00000282acf7df40 sp=0x000000c1068fe0e0
Event: 37.659 Thread 0x0000028284ab9160 DEOPT UNPACKING pc=0x00000282ac9546a2 sp=0x000000c1068fe040 mode 2

Classes loaded (20 events):
Event: 9.022 Loading class sun/font/ScriptRunData
Event: 9.022 Loading class sun/font/ScriptRunData done
Event: 9.022 Loading class sun/font/GlyphLayout$EngineRecord
Event: 9.022 Loading class sun/font/GlyphLayout$EngineRecord done
Event: 9.022 Loading class sun/font/GlyphLayout$LayoutEngineKey
Event: 9.022 Loading class sun/font/GlyphLayout$LayoutEngineKey done
Event: 9.022 Loading class java/lang/CharacterData01
Event: 9.023 Loading class java/lang/CharacterData01 done
Event: 9.024 Loading class sun/font/SunLayoutEngine$FaceRef
Event: 9.024 Loading class sun/font/SunLayoutEngine$FaceRef done
Event: 9.057 Loading class sun/font/StandardGlyphVector
Event: 9.058 Loading class java/awt/font/GlyphVector
Event: 9.058 Loading class java/awt/font/GlyphVector done
Event: 9.058 Loading class sun/font/StandardGlyphVector done
Event: 9.058 Loading class java/awt/font/TextLine$TextLineMetrics
Event: 9.058 Loading class java/awt/font/TextLine$TextLineMetrics done
Event: 53.586 Loading class java/awt/image/BufferedImageOp
Event: 53.589 Loading class java/awt/image/BufferedImageOp done
Event: 62.312 Loading class java/security/DomainCombiner
Event: 62.313 Loading class java/security/DomainCombiner done

Classes unloaded (0 events):
No events

Classes redefined (0 events):
No events

Internal exceptions (19 events):
Event: 0.116 Thread 0x000002829cf393b0 Exception <a 'java/lang/ClassNotFoundException'{0x00000000918dbdc0}: sun/awt/resources/spi/awtProvider> (0x00000000918dbdc0) 
thrown [s\open\src\hotspot\share\classfile\systemDictionary.cpp, line 312]
Event: 0.137 Thread 0x000002829cf393b0 Exception <a 'java/io/FileNotFoundException'{0x000000009174a728}> (0x000000009174a728) 
thrown [s\open\src\hotspot\share\prims\jni.cpp, line 520]
Event: 0.142 Thread 0x000002829cf393b0 Exception <a 'java/io/FileNotFoundException'{0x0000000091774938}> (0x0000000091774938) 
thrown [s\open\src\hotspot\share\prims\jni.cpp, line 520]
Event: 0.422 Thread 0x000002829cf393b0 Exception <a 'java/lang/NoSuchMethodError'{0x000000009168f690}: 'void java.lang.invoke.DirectMethodHandle$Holder.invokeSpecial(java.lang.Object, java.lang.Object, java.lang.Object)'> (0x000000009168f690) 
thrown [s\open\src\hotspot\share\interpreter\linkResolver.cpp, line 773]
Event: 0.429 Thread 0x000002829cf393b0 Exception <a 'java/lang/NoSuchMethodError'{0x00000000916b4c18}: 'java.lang.Object java.lang.invoke.DirectMethodHandle$Holder.newInvokeSpecial(java.lang.Object, java.lang.Object, java.lang.Object, java.lang.Object, java.lang.Object)'> (0x00000000916b4c18) 
thrown [s\open\src\hotspot\share\interpreter\linkResolver.cpp, line 773]
Event: 0.434 Thread 0x000002829cf393b0 Exception <a 'java/lang/NoSuchMethodError'{0x00000000916e0560}: 'java.lang.Object java.lang.invoke.DirectMethodHandle$Holder.invokeStatic(java.lang.Object, int, java.lang.Object)'> (0x00000000916e0560) 
thrown [s\open\src\hotspot\share\interpreter\linkResolver.cpp, line 773]
Event: 0.451 Thread 0x000002829cf393b0 Exception <a 'java/lang/ClassNotFoundException'{0x000000009157f560}: com/sun/swing/internal/plaf/metal/resources/spi/metalProvider> (0x000000009157f560) 
thrown [s\open\src\hotspot\share\classfile\systemDictionary.cpp, line 312]
Event: 0.453 Thread 0x000002829cf393b0 Exception <a 'java/lang/ClassNotFoundException'{0x00000000915834e0}: com/sun/swing/internal/plaf/basic/resources/spi/basicProvider> (0x00000000915834e0) 
thrown [s\open\src\hotspot\share\classfile\systemDictionary.cpp, line 312]
Event: 0.464 Thread 0x000002829cf393b0 Exception <a 'java/lang/NoSuchMethodError'{0x00000000915a2a10}: 'int java.lang.invoke.Invokers$Holder.invokeExact_MT(java.lang.Object, java.lang.Object)'> (0x00000000915a2a10) 
thrown [s\open\src\hotspot\share\interpreter\linkResolver.cpp, line 773]
Event: 0.565 Thread 0x00000282fb356670 Exception <a 'java/lang/NoSuchMethodError'{0x000000009161d0b8}: 'void java.lang.invoke.DirectMethodHandle$Holder.invokeVirtual(java.lang.Object, java.lang.Object)'> (0x000000009161d0b8) 
thrown [s\open\src\hotspot\share\interpreter\linkResolver.cpp, line 773]
Event: 0.608 Thread 0x000002829cf393b0 Exception <a 'java/lang/NoSuchMethodError'{0x000000009143b340}: 'void java.lang.invoke.DirectMethodHandle$Holder.invokeStaticInit(java.lang.Object)'> (0x000000009143b340) 
thrown [s\open\src\hotspot\share\interpreter\linkResolver.cpp, line 773]
Event: 5.773 Thread 0x0000028284ab9160 Exception <a 'java/io/IOException'{0x000000009123e618}> (0x000000009123e618) 
thrown [s\open\src\hotspot\share\prims\jni.cpp, line 520]
Event: 5.774 Thread 0x0000028284ab9160 Exception <a 'java/io/IOException'{0x000000009123ec78}> (0x000000009123ec78) 
thrown [s\open\src\hotspot\share\prims\jni.cpp, line 520]
Event: 5.794 Thread 0x0000028284ab9160 Exception <a 'java/lang/NoSuchMethodError'{0x000000009124a3e8}: 'void java.lang.invoke.DirectMethodHandle$Holder.invokeStatic(java.lang.Object, java.lang.Object, java.lang.Object)'> (0x000000009124a3e8) 
thrown [s\open\src\hotspot\share\interpreter\linkResolver.cpp, line 773]
Event: 8.307 Thread 0x0000028284ab9160 Exception <a 'java/io/IOException'{0x000000009125a1a8}> (0x000000009125a1a8) 
thrown [s\open\src\hotspot\share\prims\jni.cpp, line 520]
Event: 8.307 Thread 0x0000028284ab9160 Exception <a 'java/io/IOException'{0x000000009125a780}> (0x000000009125a780) 
thrown [s\open\src\hotspot\share\prims\jni.cpp, line 520]
Event: 8.307 Thread 0x0000028284ab9160 Exception <a 'java/io/IOException'{0x000000009125ae20}> (0x000000009125ae20) 
thrown [s\open\src\hotspot\share\prims\jni.cpp, line 520]
Event: 8.307 Thread 0x0000028284ab9160 Exception <a 'java/io/IOException'{0x000000009125b3f8}> (0x000000009125b3f8) 
thrown [s\open\src\hotspot\share\prims\jni.cpp, line 520]
Event: 8.365 Thread 0x0000028284e48e80 Exception <a 'java/lang/NoSuchMethodError'{0x00000000912f43c0}: 'void java.lang.invoke.DirectMethodHandle$Holder.invokeStatic(java.lang.Object, java.lang.Object)'> (0x00000000912f43c0) 
thrown [s\open\src\hotspot\share\interpreter\linkResolver.cpp, line 773]

ZGC Phase Switch (0 events):
No events

VM Operations (20 events):
Event: 44.705 Executing VM operation: Cleanup
Event: 44.705 Executing VM operation: Cleanup done
Event: 49.750 Executing VM operation: Cleanup
Event: 49.750 Executing VM operation: Cleanup done
Event: 50.755 Executing VM operation: Cleanup
Event: 50.755 Executing VM operation: Cleanup done
Event: 51.764 Executing VM operation: Cleanup
Event: 51.764 Executing VM operation: Cleanup done
Event: 60.201 Executing VM operation: HandshakeAllThreads (HandshakeForDeflation)
Event: 60.201 Executing VM operation: HandshakeAllThreads (HandshakeForDeflation) done
Event: 60.201 Executing VM operation: RendezvousGCThreads
Event: 60.201 Executing VM operation: RendezvousGCThreads done
Event: 64.244 Executing VM operation: Cleanup
Event: 64.244 Executing VM operation: Cleanup done
Event: 65.262 Executing VM operation: Cleanup
Event: 65.262 Executing VM operation: Cleanup done
Event: 66.269 Executing VM operation: Cleanup
Event: 66.269 Executing VM operation: Cleanup done
Event: 70.288 Executing VM operation: Cleanup
Event: 70.288 Executing VM operation: Cleanup done

Events (20 events):
Event: 0.047 Thread 0x00000282fb02a090 Thread added: 0x00000282fb02a090
Event: 0.047 Thread 0x00000282fb02d640 Thread added: 0x00000282fb02d640
Event: 0.047 Thread 0x00000282fb02e320 Thread added: 0x00000282fb02e320
Event: 0.047 Thread 0x00000282fb030560 Thread added: 0x00000282fb030560
Event: 0.047 Thread 0x00000282fb031390 Thread added: 0x00000282fb031390
Event: 0.047 Thread 0x00000282fb037a00 Thread added: 0x00000282fb037a00
Event: 0.047 Thread 0x00000282fb03b970 Thread added: 0x00000282fb03b970
Event: 0.061 Thread 0x00000282fb178ce0 Thread added: 0x00000282fb178ce0
Event: 0.065 Thread 0x00000282fb17bd40 Thread added: 0x00000282fb17bd40
Event: 0.197 Thread 0x00000282fb34b3c0 Thread added: 0x00000282fb34b3c0
Event: 0.198 Thread 0x00000282fb353540 Thread added: 0x00000282fb353540
Event: 0.200 Thread 0x00000282fb356670 Thread added: 0x00000282fb356670
Event: 0.561 Thread 0x0000028284ab9160 Thread added: 0x0000028284ab9160
Event: 0.835 Thread 0x000002829cf393b0 Thread exited: 0x000002829cf393b0
Event: 0.835 Thread 0x000002829cf393b0 Thread added: 0x000002829cf393b0
Event: 0.967 Thread 0x00000282fb197a30 Thread added: 0x00000282fb197a30
Event: 1.322 Thread 0x0000028284baf1f0 Thread added: 0x0000028284baf1f0
Event: 8.342 Thread 0x00000282fb03c710 Thread added: 0x00000282fb03c710
Event: 8.363 Thread 0x0000028284e48e80 Thread added: 0x0000028284e48e80
Event: 8.802 Thread 0x00000282fb03c710 Thread exited: 0x00000282fb03c710


Dynamic libraries:
0x00007ff6c09b0000 - 0x00007ff6c09c0000 	C:\Program Files\Java\jdk-21.0.10\bin\javaw.exe
0x00007ffbf2a60000 - 0x00007ffbf2cc6000 	C:\WINDOWS\SYSTEM32\ntdll.dll
0x00007ffbf1180000 - 0x00007ffbf1249000 	C:\WINDOWS\System32\KERNEL32.DLL
0x00007ffbf0080000 - 0x00007ffbf047a000 	C:\WINDOWS\System32\KERNELBASE.dll
0x00007ffbf05f0000 - 0x00007ffbf073c000 	C:\WINDOWS\System32\ucrtbase.dll
0x00007ffba6d70000 - 0x00007ffba6d8e000 	C:\Program Files\Java\jdk-21.0.10\bin\VCRUNTIME140.dll
0x00007ffb9ac60000 - 0x00007ffb9ac79000 	C:\Program Files\Java\jdk-21.0.10\bin\jli.dll
0x00007ffbf1280000 - 0x00007ffbf1336000 	C:\WINDOWS\System32\ADVAPI32.dll
0x00007ffbf21d0000 - 0x00007ffbf2279000 	C:\WINDOWS\System32\msvcrt.dll
0x00007ffbf2330000 - 0x00007ffbf23da000 	C:\WINDOWS\System32\sechost.dll
0x00007ffbf17d0000 - 0x00007ffbf18e8000 	C:\WINDOWS\System32\RPCRT4.dll
0x00007ffbf07d0000 - 0x00007ffbf0997000 	C:\WINDOWS\System32\USER32.dll
0x00007ffbeff20000 - 0x00007ffbeff47000 	C:\WINDOWS\System32\win32u.dll
0x00007ffbd0dc0000 - 0x00007ffbd1052000 	C:\WINDOWS\WinSxS\amd64_microsoft.windows.common-controls_6595b64144ccf1df_6.0.26100.8521_none_3e08b75ce33403b3\COMCTL32.dll
0x00007ffbf2750000 - 0x00007ffbf277b000 	C:\WINDOWS\System32\GDI32.dll
0x00007ffbeff50000 - 0x00007ffbf007b000 	C:\WINDOWS\System32\gdi32full.dll
0x00007ffbefe70000 - 0x00007ffbeff13000 	C:\WINDOWS\System32\msvcp_win.dll
0x00007ffbe7e20000 - 0x00007ffbe7e2b000 	C:\WINDOWS\SYSTEM32\VERSION.dll
0x00007ffbf2960000 - 0x00007ffbf2992000 	C:\WINDOWS\System32\IMM32.DLL
0x00007ffbc2650000 - 0x00007ffbc2742000 	C:\Program Files\Windhawk\Engine\1.7.3\64\windhawk.dll
0x00007ffbf0b40000 - 0x00007ffbf0ec3000 	C:\WINDOWS\System32\combase.dll
0x00007ffbf1a40000 - 0x00007ffbf21c4000 	C:\WINDOWS\System32\SHELL32.dll
0x00007ffbeab60000 - 0x00007ffbeac66000 	C:\WINDOWS\SYSTEM32\propsys.dll
0x00007ffbc1a00000 - 0x00007ffbc1cf3000 	C:\WINDOWS\SYSTEM32\ExplorerFrame.dll
0x00007ffbf2470000 - 0x00007ffbf2566000 	C:\WINDOWS\System32\SHCORE.dll
0x00007ffbf19d0000 - 0x00007ffbf1a37000 	C:\WINDOWS\System32\SHLWAPI.dll
0x00007ffbefb70000 - 0x00007ffbefbce000 	C:\WINDOWS\SYSTEM32\powrprof.dll
0x00007ffbefb50000 - 0x00007ffbefb64000 	C:\WINDOWS\SYSTEM32\UMPDC.dll
0x00007ffbc19b0000 - 0x00007ffbc19c8000 	C:\ProgramData\Windhawk\Engine\Mods\64\force-thick-frames_2_100603.dll
0x00007ffbc24b0000 - 0x00007ffbc24ca000 	C:\ProgramData\Windhawk\Engine\Mods\64\restore-button-pulse-anim_1.0.2_835086.dll
0x00007ffbc2270000 - 0x00007ffbc22aa000 	C:\ProgramData\Windhawk\Engine\Mods\64\libunwind.whl
0x00007ffbc22b0000 - 0x00007ffbc2459000 	C:\ProgramData\Windhawk\Engine\Mods\64\libc++.whl
0x00007ffbec8d0000 - 0x00007ffbec97a000 	C:\WINDOWS\SYSTEM32\UxTheme.dll
0x00007ffbe57e0000 - 0x00007ffbe57ec000 	C:\Program Files\Java\jdk-21.0.10\bin\vcruntime140_1.dll
0x00007ffae9ff0000 - 0x00007ffaea07d000 	C:\Program Files\Java\jdk-21.0.10\bin\msvcp140.dll
0x00007ffa6a0f0000 - 0x00007ffa6ae17000 	C:\Program Files\Java\jdk-21.0.10\bin\server\jvm.dll
0x00007ffbf28d0000 - 0x00007ffbf2950000 	C:\WINDOWS\System32\WS2_32.dll
0x00007ffbe6860000 - 0x00007ffbe6896000 	C:\WINDOWS\SYSTEM32\WINMM.dll
0x00007ffbeea60000 - 0x00007ffbeea7b000 	C:\WINDOWS\SYSTEM32\kernel.appcore.dll
0x00007ffbe17a0000 - 0x00007ffbe17aa000 	C:\Program Files\Java\jdk-21.0.10\bin\jimage.dll
0x00007ffbed490000 - 0x00007ffbed6d2000 	C:\WINDOWS\SYSTEM32\DBGHELP.DLL
0x00007ffbf18f0000 - 0x00007ffbf19c9000 	C:\WINDOWS\System32\OLEAUT32.dll
0x00007ffbca040000 - 0x00007ffbca07b000 	C:\WINDOWS\SYSTEM32\dbgcore.DLL
0x00007ffbf0540000 - 0x00007ffbf05e8000 	C:\WINDOWS\System32\bcryptPrimitives.dll
0x00007ffb8f780000 - 0x00007ffb8f7a1000 	C:\Program Files\Java\jdk-21.0.10\bin\java.dll
0x00007ffbed890000 - 0x00007ffbee110000 	C:\WINDOWS\SYSTEM32\windows.storage.dll
0x00007ffbefc10000 - 0x00007ffbefc39000 	C:\WINDOWS\SYSTEM32\profapi.dll
0x00007ffadba80000 - 0x00007ffadbb57000 	C:\Program Files\Java\jdk-21.0.10\bin\jsvml.dll
0x00007ffb95170000 - 0x00007ffb95181000 	C:\Program Files\Java\jdk-21.0.10\bin\net.dll
0x00007ffbe62e0000 - 0x00007ffbe6409000 	C:\WINDOWS\SYSTEM32\WINHTTP.dll
0x00007ffbeeff0000 - 0x00007ffbef05c000 	C:\WINDOWS\system32\mswsock.dll
0x00007ffb94bd0000 - 0x00007ffb94be6000 	C:\Program Files\Java\jdk-21.0.10\bin\nio.dll
0x00007ffb8e190000 - 0x00007ffb8e1a8000 	C:\Program Files\Java\jdk-21.0.10\bin\zip.dll
0x00007ffa69f50000 - 0x00007ffa6a0e4000 	C:\Program Files\Java\jdk-21.0.10\bin\awt.dll
0x00007ffbebd30000 - 0x00007ffbebdd0000 	C:\WINDOWS\SYSTEM32\apphelp.dll
0x00007ffbeca20000 - 0x00007ffbeca4f000 	C:\WINDOWS\system32\DWMAPI.DLL
0x00007ffb65140000 - 0x00007ffb6524c000 	C:\WINDOWS\system32\opengl32.dll
0x00007ffb65110000 - 0x00007ffb6513d000 	C:\WINDOWS\SYSTEM32\GLU32.dll
0x00007ffbec9b0000 - 0x00007ffbec9f4000 	C:\WINDOWS\SYSTEM32\dxcore.dll
0x00007ffb5bc50000 - 0x00007ffb5bd83000 	C:\ProgramData\A-Volute\A-Volute.Nahimic\Modules\Scheduled\x64\AudioDevProps2.dll
0x00007ffbf09a0000 - 0x00007ffbf0b38000 	C:\WINDOWS\System32\ole32.dll
0x00007ffbf0f50000 - 0x00007ffbf10ad000 	C:\WINDOWS\System32\MSCTF.dll
0x00007ffbcb560000 - 0x00007ffbcb711000 	C:\WINDOWS\system32\d3d9.dll
0x00007ffbe6410000 - 0x00007ffbe65cb000 	C:\WINDOWS\System32\DriverStore\FileRepository\u0417253.inf_amd64_a9b363c4f94f001d\B417132\aticfx64.dll
0x00007ffb06270000 - 0x00007ffb062a4000 	C:\WINDOWS\System32\DriverStore\FileRepository\u0417253.inf_amd64_a9b363c4f94f001d\B417132\atiu9p64.dll
0x00007ffb05520000 - 0x00007ffb06267000 	C:\WINDOWS\System32\DriverStore\FileRepository\u0417253.inf_amd64_a9b363c4f94f001d\B417132\atiumd64.dll
0x0000000072800000 - 0x0000000073713000 	C:\WINDOWS\System32\DriverStore\FileRepository\u0417253.inf_amd64_a9b363c4f94f001d\B417132\atiumd6a.dll
0x00007ffbf1340000 - 0x00007ffbf17c7000 	C:\WINDOWS\System32\SETUPAPI.dll
0x00007ffbda3b0000 - 0x00007ffbda3e5000 	C:\WINDOWS\SYSTEM32\amdihk64.dll
0x00007ffbe7ec0000 - 0x00007ffbe7f1f000 	C:\WINDOWS\SYSTEM32\directxdatabasehelper.dll
0x00007ffbef860000 - 0x00007ffbef8b1000 	C:\WINDOWS\SYSTEM32\cfgmgr32.dll
0x00007ffae9f60000 - 0x00007ffae9fe7000 	C:\Program Files\Java\jdk-21.0.10\bin\freetype.dll
0x00007ffab22c0000 - 0x00007ffab23b1000 	C:\Program Files\Java\jdk-21.0.10\bin\fontmanager.dll
0x00007ffbf10b0000 - 0x00007ffbf115e000 	C:\WINDOWS\System32\clbcatq.dll
0x00007ffbeb170000 - 0x00007ffbeb39c000 	C:\WINDOWS\SYSTEM32\WindowsCodecs.dll
0x00007ffb98110000 - 0x00007ffb9816c000 	C:\WINDOWS\system32\dataexchange.dll
0x00007ffbdcf80000 - 0x00007ffbdd1cf000 	C:\WINDOWS\system32\twinapi.appcore.dll
0x00007ffbd04b0000 - 0x00007ffbd05f8000 	C:\WINDOWS\SYSTEM32\textinputframework.dll
0x00007ffbd0d40000 - 0x00007ffbd0db6000 	C:\WINDOWS\system32\Oleacc.dll
0x00007ffbd0010000 - 0x00007ffbd006e000 	C:\WINDOWS\system32\ApplicationTargetedFeatureDatabase.dll
0x00007ffbe91b0000 - 0x00007ffbe931a000 	C:\Windows\System32\WinTypes.dll
0x00007ffbeba30000 - 0x00007ffbebb55000 	C:\WINDOWS\SYSTEM32\CoreMessaging.dll
0x00007ffbe70e0000 - 0x00007ffbe73c4000 	C:\WINDOWS\SYSTEM32\CoreUIComponents.dll
0x00007ffbef2f0000 - 0x00007ffbef2fc000 	C:\WINDOWS\SYSTEM32\CRYPTBASE.DLL
0x00007ffbb4080000 - 0x00007ffbb4098000 	C:\WINDOWS\system32\napinsp.dll
0x00007ffbee520000 - 0x00007ffbee66a000 	C:\WINDOWS\SYSTEM32\DNSAPI.dll
0x00007ffbeedf0000 - 0x00007ffbeedfd000 	C:\WINDOWS\SYSTEM32\DSPARSE.dll
0x00007ffbee470000 - 0x00007ffbee4a3000 	C:\WINDOWS\SYSTEM32\IPHLPAPI.DLL
0x00007ffbf1170000 - 0x00007ffbf117a000 	C:\WINDOWS\System32\NSI.dll
0x00007ffbb72a0000 - 0x00007ffbb72b3000 	C:\WINDOWS\System32\winrnr.dll
0x00007ffbb7270000 - 0x00007ffbb7292000 	C:\WINDOWS\system32\nlansp_c.dll
0x00007ffbda390000 - 0x00007ffbda3a6000 	C:\WINDOWS\system32\wshbth.dll
0x00007ffbe7f30000 - 0x00007ffbe7f3b000 	C:\Windows\System32\rasadhlp.dll
0x00007ffbda300000 - 0x00007ffbda386000 	C:\WINDOWS\System32\fwpuclnt.dll
0x00007ffbe1310000 - 0x00007ffbe1319000 	C:\Program Files\Java\jdk-21.0.10\bin\extnet.dll

dbghelp: loaded successfully - version: 4.0.5 - missing functions: none
symbol engine: initialized successfully - sym options: 0x614 - pdb path: .;C:\Program Files\Java\jdk-21.0.10\bin;C:\WINDOWS\SYSTEM32;C:\WINDOWS\WinSxS\amd64_microsoft.windows.common-controls_6595b64144ccf1df_6.0.26100.8521_none_3e08b75ce33403b3;C:\Program Files\Windhawk\Engine\1.7.3\64;C:\ProgramData\Windhawk\Engine\Mods\64;C:\Program Files\Java\jdk-21.0.10\bin\server;C:\ProgramData\A-Volute\A-Volute.Nahimic\Modules\Scheduled\x64;C:\WINDOWS\System32\DriverStore\FileRepository\u0417253.inf_amd64_a9b363c4f94f001d\B417132

VM Arguments:
java_command: C:\Users\YUSUF\Desktop\java\BallWars\builds\bw_networkAlpha1.0.0.jar
java_class_path (initial): C:\Users\YUSUF\Desktop\java\BallWars\builds\bw_networkAlpha1.0.0.jar
Launcher Type: SUN_STANDARD

[Global flags]
     intx CICompilerCount                          = 4                                         {product} {ergonomic}
     uint ConcGCThreads                            = 2                                         {product} {ergonomic}
     uint G1ConcRefinementThreads                  = 8                                         {product} {ergonomic}
   size_t G1HeapRegionSize                         = 1048576                                   {product} {ergonomic}
    uintx GCDrainStackTargetSize                   = 64                                        {product} {ergonomic}
   size_t InitialHeapSize                          = 123731968                                 {product} {ergonomic}
   size_t MarkStackSize                            = 4194304                                   {product} {ergonomic}
   size_t MaxHeapSize                              = 1975517184                                {product} {ergonomic}
   size_t MaxNewSize                               = 1184890880                                {product} {ergonomic}
   size_t MinHeapDeltaBytes                        = 1048576                                   {product} {ergonomic}
   size_t MinHeapSize                              = 8388608                                   {product} {ergonomic}
    uintx NonNMethodCodeHeapSize                   = 5839372                                {pd product} {ergonomic}
    uintx NonProfiledCodeHeapSize                  = 122909434                              {pd product} {ergonomic}
    uintx ProfiledCodeHeapSize                     = 122909434                              {pd product} {ergonomic}
    uintx ReservedCodeCacheSize                    = 251658240                              {pd product} {ergonomic}
     bool SegmentedCodeCache                       = true                                      {product} {ergonomic}
   size_t SoftMaxHeapSize                          = 1975517184                             {manageable} {ergonomic}
     bool UseCompressedOops                        = true                           {product lp64_product} {ergonomic}
     bool UseG1GC                                  = true                                      {product} {ergonomic}
     bool UseLargePagesIndividualAllocation        = false                                  {pd product} {ergonomic}

Logging:
Log output configuration:
 #0: stdout all=warning uptime,level,tags foldmultilines=false
 #1: stderr all=off uptime,level,tags foldmultilines=false

Environment Variables:
PATH=C:\Program Files (x86)\VMware\VMware Workstation\bin\;C:\Program Files\Common Files\Oracle\Java\javapath;C:\Program Files (x86)\Common Files\Oracle\Java\java8path;C:\Program Files (x86)\Common Files\Oracle\Java\javapath;C:\Windows\system32;C:\Windows;C:\Windows\System32\Wbem;C:\Windows\System32\WindowsPowerShell\v1.0\;C:\Windows\System32\OpenSSH\;C:\Program Files (x86)\NVIDIA Corporation\PhysX\Common;C:\Program Files\NVIDIA Corporation\NVIDIA NvDLISR;C:\Program Files\dotnet\;C:\Program Files (x86)\Windows Live\Shared;C:\Program Files\Git\cmd;C:\Program Files (x86)\Common Files\Adobe\AGL;C:\Program Files\CMake\bin;C:\Program Files (x86)\GtkSharp\2.12\bin;C:\WINDOWS\system32;C:\WINDOWS;C:\WINDOWS\System32\Wbem;C:\WINDOWS\System32\WindowsPowerShell\v1.0\;C:\WINDOWS\System32\OpenSSH\;C:\Program Files (x86)\ZSharp;C:\Program Files\Microsoft SQL Server\110\Tools\Binn\;C:\Users\YUSUF\Desktop\vcpkg;;C:\Program Files (x86)\Lua\5.1;C:\Program Files (x86)\Lua\5.1\clibs;C:\Program Files\Cloudflare\Cloudflare WARP\;C:\RW\Graphics\rwsdk\bin;C:\RW\shared\OpenExport\bin;C:\RW\Graphics\bin;C:\Users\YUSUF\AppData\Local\Programs\Python\Python314\Scripts\;C:\Users\YUSUF\AppData\Local\Programs\Python\Python314\;C:\lovr\;C:\Users\YUSUF\.cargo\bin;C:\Program Files\Git\bin\;C:\MinGW\bin;C:\Users\YUSUF\AppData\Local\Programs\Python\Python313\Scripts\;C:\Users\YUSUF\AppData\Local\Programs\Python\Python313\;C:\Users\YUSUF\AppData\Local\Programs\Python\Launcher\;C:\Users\YUSUF\AppData\Local\Microsoft\WindowsApps;C:\Users\YUSUF\.dotnet\tools;C:\\UnLockCatch\tools\vcruntime;C:\Program Files\JetBrains\PyCharm 2025.1.3\bin;C:\Users\YUSUF\AppData\Local\Programs\Microsoft VS Code\bin;C:\Program Files (x86)\Steam\steamapps\common\Source SDK Base 2013 Singleplayer\hl2\..\bin;C:\Users\YUSUF\AppData\Local\GitHubDesktop\bin;C:\Users\YUSUF\AppData\Local\Programs\cursor\resources\app\bin
USERNAME=YUSUF
OS=Windows_NT
PROCESSOR_IDENTIFIER=AMD64 Family 25 Model 80 Stepping 0, AuthenticAMD
TMP=C:\Users\YUSUF\AppData\Local\Temp
TEMP=C:\Users\YUSUF\AppData\Local\Temp




Periodic native trim disabled

---------------  S Y S T E M  ---------------

OS:
 Windows 11 , 64 bit Build 26100 (10.0.26100.8521)
OS uptime: 3 days 4:23 hours
Hyper-V role detected

CPU: total 8 (initial active 8) (8 cores per cpu, 2 threads per core) family 25 model 80 stepping 0 microcode 0xa50000f, cx8, cmov, fxsr, ht, mmx, 3dnowpref, sse, sse2, sse3, ssse3, sse4a, sse4.1, sse4.2, popcnt, lzcnt, tsc, tscinvbit, avx, avx2, aes, erms, clmul, bmi1, bmi2, adx, sha, fma, vzeroupper, clflush, clflushopt, hv, rdtscp, rdpid, fsrm, f16c, cet_ss
Processor Information for all 8 processors :
  Max Mhz: 3301, Current Mhz: 3301, Mhz Limit: 3301

Memory: 4k page, system-wide physical 7532M (525M free)
TotalPageFile size 23781M (AvailPageFile size 0M)
current process WorkingSet (physical memory assigned to process): 209M, peak: 209M
current process commit charge ("private bytes"): 552M, peak: 555M

vm_info: Java HotSpot(TM) 64-Bit Server VM (21.0.10+8-LTS-217) for windows-amd64 JRE (21.0.10+8-LTS-217), built on 2025-12-18T14:59:28Z by "mach5run" with MS VC++ 17.13 (VS2022)

END.
